<?xml version="1.0" encoding="UTF-8"?>
<!-- Generated by org.testng.reporters.JUnitXMLReporter -->
<testsuite ignored="0" hostname="LAPTOP-EMRKA2TJ" failures="0" tests="11" name="Default test" time="97.35" errors="0" timestamp="2025-05-08T11:00:22 CEST">
  <testcase classname="tests.LoginPageTest" name="verifyCheckoutInfo" time="4.656"/>
  <testcase classname="tests.LoginPageTest" name="verifyItemAddedOrderPlaced" time="4.803"/>
  <testcase classname="tests.LoginPageTest" name="verifyLoginFunctionality" time="0.804"/>
  <testcase classname="tests.LoginPageTest" name="verifyLoginFunctionality" time="0.717"/>
  <testcase classname="tests.LoginPageTest" name="verifyLoginFunctionality" time="0.792"/>
  <testcase classname="tests.LoginPageTest" name="verifyLoginFunctionality" time="0.756"/>
  <testcase classname="tests.LoginPageTest" name="verifyLoginFunctionality" time="0.483"/>
  <testcase classname="tests.LoginPageTest" name="verifyLoginFunctionality" time="0.274"/>
  <testcase classname="tests.LoginPageTest" name="verifyLogo" time="0.081"/>
  <testcase classname="tests.LoginPageTest" name="verifyPageTitle" time="0.027"/>
  <testcase classname="tests.LoginPageTest" name="verifyURL" time="0.015"/>
</testsuite> <!-- Default test -->
