<?xml version="1.0" encoding="UTF-8"?>
<!-- Generated by org.testng.reporters.JUnitXMLReporter -->
<testsuite ignored="0" hostname="LAPTOP-EMRKA2TJ" failures="0" tests="11" name="Default test" time="51.13" errors="0" timestamp="2025-04-24T09:22:00 CEST">
  <testcase classname="tests.LoginPageTest" name="verifyCheckoutInfo" time="1.886"/>
  <testcase classname="tests.LoginPageTest" name="verifyItemAddedOrderPlaced" time="2.331"/>
  <testcase classname="tests.LoginPageTest" name="verifyLoginFunctionality" time="0.814"/>
  <testcase classname="tests.LoginPageTest" name="verifyLoginFunctionality" time="0.682"/>
  <testcase classname="tests.LoginPageTest" name="verifyLoginFunctionality" time="0.724"/>
  <testcase classname="tests.LoginPageTest" name="verifyLoginFunctionality" time="0.708"/>
  <testcase classname="tests.LoginPageTest" name="verifyLoginFunctionality" time="0.497"/>
  <testcase classname="tests.LoginPageTest" name="verifyLoginFunctionality" time="0.38"/>
  <testcase classname="tests.LoginPageTest" name="verifyLogo" time="0.123"/>
  <testcase classname="tests.LoginPageTest" name="verifyPageTitle" time="0.036"/>
  <testcase classname="tests.LoginPageTest" name="verifyURL" time="0.033"/>
</testsuite> <!-- Default test -->
