<?xml version="1.0" encoding="UTF-8"?>
<testng-results ignored="0" total="11" passed="11" failed="0" skipped="0">
  <reporter-output>
  </reporter-output>
  <suite started-at="2025-04-24T13:37:49 CEST" name="Default suite" finished-at="2025-04-24T13:38:41 CEST" duration-ms="51855">
    <groups>
    </groups>
    <test started-at="2025-04-24T13:37:49 CEST" name="Default test" finished-at="2025-04-24T13:38:41 CEST" duration-ms="51855">
      <class name="tests.LoginPageTest">
        <test-method is-config="true" signature="initializeBrowser()[pri:0, instance:tests.LoginPageTest@1c1bbc4e]" started-at="2025-04-24T13:37:52 CEST" name="initializeBrowser" finished-at="2025-04-24T13:37:57 CEST" duration-ms="5648" status="PASS">
          <reporter-output>
          </reporter-output>
        </test-method> <!-- initializeBrowser -->
        <test-method is-config="true" signature="setup()[pri:0, instance:tests.LoginPageTest@1c1bbc4e]" started-at="2025-04-24T13:37:57 CEST" name="setup" finished-at="2025-04-24T13:37:57 CEST" duration-ms="66" status="PASS">
          <reporter-output>
          </reporter-output>
        </test-method> <!-- setup -->
        <test-method signature="verifyCheckoutInfo(java.lang.String,java.lang.String,java.lang.String,java.lang.String)[pri:0, instance:tests.LoginPageTest@1c1bbc4e]" started-at="2025-04-24T13:37:57 CEST" name="verifyCheckoutInfo" data-provider="credentials" finished-at="2025-04-24T13:37:59 CEST" duration-ms="1929" status="PASS">
          <params>
            <param index="0">
              <value>
                <![CDATA[valid ]]>
              </value>
            </param>
            <param index="1">
              <value>
                <![CDATA[standard_user]]>
              </value>
            </param>
            <param index="2">
              <value>
                <![CDATA[secret_sauce]]>
              </value>
            </param>
            <param index="3">
              <value>
                <![CDATA[https://www.saucedemo.com/inventory.html]]>
              </value>
            </param>
          </params>
          <reporter-output>
          </reporter-output>
        </test-method> <!-- verifyCheckoutInfo -->
        <test-method is-config="true" signature="tearDown(org.testng.ITestResult)[pri:0, instance:tests.LoginPageTest@1c1bbc4e]" started-at="2025-04-24T13:37:59 CEST" name="tearDown" finished-at="2025-04-24T13:38:01 CEST" duration-ms="1201" status="PASS">
          <params>
            <param index="0">
              <value>
                <![CDATA[[TestResult name=verifyCheckoutInfo status=SUCCESS method=LoginPageTest.verifyCheckoutInfo(java.lang.String,java.lang.String,java.lang.String,java.lang.String)[pri:0, instance:tests.LoginPageTest@1c1bbc4e] output={null}]]]>
              </value>
            </param>
          </params>
          <reporter-output>
          </reporter-output>
        </test-method> <!-- tearDown -->
        <test-method is-config="true" signature="initializeBrowser()[pri:0, instance:tests.LoginPageTest@1c1bbc4e]" started-at="2025-04-24T13:38:01 CEST" name="initializeBrowser" finished-at="2025-04-24T13:38:04 CEST" duration-ms="2724" status="PASS">
          <reporter-output>
          </reporter-output>
        </test-method> <!-- initializeBrowser -->
        <test-method is-config="true" signature="setup()[pri:0, instance:tests.LoginPageTest@1c1bbc4e]" started-at="2025-04-24T13:38:04 CEST" name="setup" finished-at="2025-04-24T13:38:04 CEST" duration-ms="3" status="PASS">
          <reporter-output>
          </reporter-output>
        </test-method> <!-- setup -->
        <test-method signature="verifyItemAddedOrderPlaced(java.lang.String,java.lang.String,java.lang.String,java.lang.String,java.lang.String,java.lang.String,java.lang.String)[pri:0, instance:tests.LoginPageTest@1c1bbc4e]" started-at="2025-04-24T13:38:04 CEST" name="verifyItemAddedOrderPlaced" data-provider="credentials" finished-at="2025-04-24T13:38:06 CEST" duration-ms="2476" status="PASS">
          <params>
            <param index="0">
              <value>
                <![CDATA[valid ]]>
              </value>
            </param>
            <param index="1">
              <value>
                <![CDATA[standard_user]]>
              </value>
            </param>
            <param index="2">
              <value>
                <![CDATA[secret_sauce]]>
              </value>
            </param>
            <param index="3">
              <value>
                <![CDATA[https://www.saucedemo.com/inventory.html]]>
              </value>
            </param>
            <param index="4">
              <value>
                <![CDATA[Test1]]>
              </value>
            </param>
            <param index="5">
              <value>
                <![CDATA[Test2]]>
              </value>
            </param>
            <param index="6">
              <value>
                <![CDATA[1234TS]]>
              </value>
            </param>
          </params>
          <reporter-output>
          </reporter-output>
        </test-method> <!-- verifyItemAddedOrderPlaced -->
        <test-method is-config="true" signature="tearDown(org.testng.ITestResult)[pri:0, instance:tests.LoginPageTest@1c1bbc4e]" started-at="2025-04-24T13:38:06 CEST" name="tearDown" finished-at="2025-04-24T13:38:07 CEST" duration-ms="633" status="PASS">
          <params>
            <param index="0">
              <value>
                <![CDATA[[TestResult name=verifyItemAddedOrderPlaced status=SUCCESS method=LoginPageTest.verifyItemAddedOrderPlaced(java.lang.String,java.lang.String,java.lang.String,java.lang.String,java.lang.String,java.lang.String,java.lang.String)[pri:0, instance:tests.LoginPageTest@1c1bbc4e] output={null}]]]>
              </value>
            </param>
          </params>
          <reporter-output>
          </reporter-output>
        </test-method> <!-- tearDown -->
        <test-method is-config="true" signature="initializeBrowser()[pri:0, instance:tests.LoginPageTest@1c1bbc4e]" started-at="2025-04-24T13:38:08 CEST" name="initializeBrowser" finished-at="2025-04-24T13:38:10 CEST" duration-ms="2646" status="PASS">
          <reporter-output>
          </reporter-output>
        </test-method> <!-- initializeBrowser -->
        <test-method is-config="true" signature="setup()[pri:0, instance:tests.LoginPageTest@1c1bbc4e]" started-at="2025-04-24T13:38:10 CEST" name="setup" finished-at="2025-04-24T13:38:10 CEST" duration-ms="2" status="PASS">
          <reporter-output>
          </reporter-output>
        </test-method> <!-- setup -->
        <test-method signature="verifyLoginFunctionality(java.lang.String,java.lang.String,java.lang.String,java.lang.String)[pri:0, instance:tests.LoginPageTest@1c1bbc4e]" started-at="2025-04-24T13:38:10 CEST" name="verifyLoginFunctionality" data-provider="credentials" finished-at="2025-04-24T13:38:11 CEST" duration-ms="800" status="PASS">
          <params>
            <param index="0">
              <value>
                <![CDATA[valid ]]>
              </value>
            </param>
            <param index="1">
              <value>
                <![CDATA[standard_user]]>
              </value>
            </param>
            <param index="2">
              <value>
                <![CDATA[secret_sauce]]>
              </value>
            </param>
            <param index="3">
              <value>
                <![CDATA[https://www.saucedemo.com/inventory.html]]>
              </value>
            </param>
          </params>
          <reporter-output>
          </reporter-output>
        </test-method> <!-- verifyLoginFunctionality -->
        <test-method is-config="true" signature="tearDown(org.testng.ITestResult)[pri:0, instance:tests.LoginPageTest@1c1bbc4e]" started-at="2025-04-24T13:38:11 CEST" name="tearDown" finished-at="2025-04-24T13:38:12 CEST" duration-ms="577" status="PASS">
          <params>
            <param index="0">
              <value>
                <![CDATA[[TestResult name=verifyLoginFunctionality status=SUCCESS method=LoginPageTest.verifyLoginFunctionality(java.lang.String,java.lang.String,java.lang.String,java.lang.String)[pri:0, instance:tests.LoginPageTest@1c1bbc4e] output={null}]]]>
              </value>
            </param>
          </params>
          <reporter-output>
          </reporter-output>
        </test-method> <!-- tearDown -->
        <test-method is-config="true" signature="initializeBrowser()[pri:0, instance:tests.LoginPageTest@1c1bbc4e]" started-at="2025-04-24T13:38:12 CEST" name="initializeBrowser" finished-at="2025-04-24T13:38:15 CEST" duration-ms="2669" status="PASS">
          <reporter-output>
          </reporter-output>
        </test-method> <!-- initializeBrowser -->
        <test-method is-config="true" signature="setup()[pri:0, instance:tests.LoginPageTest@1c1bbc4e]" started-at="2025-04-24T13:38:15 CEST" name="setup" finished-at="2025-04-24T13:38:15 CEST" duration-ms="3" status="PASS">
          <reporter-output>
          </reporter-output>
        </test-method> <!-- setup -->
        <test-method signature="verifyLoginFunctionality(java.lang.String,java.lang.String,java.lang.String,java.lang.String)[pri:0, instance:tests.LoginPageTest@1c1bbc4e]" started-at="2025-04-24T13:38:15 CEST" name="verifyLoginFunctionality" data-provider="credentials" finished-at="2025-04-24T13:38:15 CEST" duration-ms="759" status="PASS">
          <params>
            <param index="0">
              <value>
                <![CDATA[invalid ]]>
              </value>
            </param>
            <param index="1">
              <value>
                <![CDATA[standard_user213]]>
              </value>
            </param>
            <param index="2">
              <value>
                <![CDATA[secret_sa69]]>
              </value>
            </param>
            <param index="3">
              <value>
                <![CDATA[Epic sadface: Username and password do not match any user in this service]]>
              </value>
            </param>
          </params>
          <reporter-output>
          </reporter-output>
        </test-method> <!-- verifyLoginFunctionality -->
        <test-method is-config="true" signature="tearDown(org.testng.ITestResult)[pri:0, instance:tests.LoginPageTest@1c1bbc4e]" started-at="2025-04-24T13:38:15 CEST" name="tearDown" finished-at="2025-04-24T13:38:16 CEST" duration-ms="444" status="PASS">
          <params>
            <param index="0">
              <value>
                <![CDATA[[TestResult name=verifyLoginFunctionality status=SUCCESS method=LoginPageTest.verifyLoginFunctionality(java.lang.String,java.lang.String,java.lang.String,java.lang.String)[pri:0, instance:tests.LoginPageTest@1c1bbc4e] output={null}]]]>
              </value>
            </param>
          </params>
          <reporter-output>
          </reporter-output>
        </test-method> <!-- tearDown -->
        <test-method is-config="true" signature="initializeBrowser()[pri:0, instance:tests.LoginPageTest@1c1bbc4e]" started-at="2025-04-24T13:38:16 CEST" name="initializeBrowser" finished-at="2025-04-24T13:38:18 CEST" duration-ms="2698" status="PASS">
          <reporter-output>
          </reporter-output>
        </test-method> <!-- initializeBrowser -->
        <test-method is-config="true" signature="setup()[pri:0, instance:tests.LoginPageTest@1c1bbc4e]" started-at="2025-04-24T13:38:18 CEST" name="setup" finished-at="2025-04-24T13:38:18 CEST" duration-ms="3" status="PASS">
          <reporter-output>
          </reporter-output>
        </test-method> <!-- setup -->
        <test-method signature="verifyLoginFunctionality(java.lang.String,java.lang.String,java.lang.String,java.lang.String)[pri:0, instance:tests.LoginPageTest@1c1bbc4e]" started-at="2025-04-24T13:38:18 CEST" name="verifyLoginFunctionality" data-provider="credentials" finished-at="2025-04-24T13:38:19 CEST" duration-ms="729" status="PASS">
          <params>
            <param index="0">
              <value>
                <![CDATA[invalidusername]]>
              </value>
            </param>
            <param index="1">
              <value>
                <![CDATA[standard_user123]]>
              </value>
            </param>
            <param index="2">
              <value>
                <![CDATA[secret_sauce]]>
              </value>
            </param>
            <param index="3">
              <value>
                <![CDATA[Epic sadface: Username and password do not match any user in this service]]>
              </value>
            </param>
          </params>
          <reporter-output>
          </reporter-output>
        </test-method> <!-- verifyLoginFunctionality -->
        <test-method is-config="true" signature="tearDown(org.testng.ITestResult)[pri:0, instance:tests.LoginPageTest@1c1bbc4e]" started-at="2025-04-24T13:38:19 CEST" name="tearDown" finished-at="2025-04-24T13:38:20 CEST" duration-ms="440" status="PASS">
          <params>
            <param index="0">
              <value>
                <![CDATA[[TestResult name=verifyLoginFunctionality status=SUCCESS method=LoginPageTest.verifyLoginFunctionality(java.lang.String,java.lang.String,java.lang.String,java.lang.String)[pri:0, instance:tests.LoginPageTest@1c1bbc4e] output={null}]]]>
              </value>
            </param>
          </params>
          <reporter-output>
          </reporter-output>
        </test-method> <!-- tearDown -->
        <test-method is-config="true" signature="initializeBrowser()[pri:0, instance:tests.LoginPageTest@1c1bbc4e]" started-at="2025-04-24T13:38:20 CEST" name="initializeBrowser" finished-at="2025-04-24T13:38:22 CEST" duration-ms="2783" status="PASS">
          <reporter-output>
          </reporter-output>
        </test-method> <!-- initializeBrowser -->
        <test-method is-config="true" signature="setup()[pri:0, instance:tests.LoginPageTest@1c1bbc4e]" started-at="2025-04-24T13:38:22 CEST" name="setup" finished-at="2025-04-24T13:38:22 CEST" duration-ms="12" status="PASS">
          <reporter-output>
          </reporter-output>
        </test-method> <!-- setup -->
        <test-method signature="verifyLoginFunctionality(java.lang.String,java.lang.String,java.lang.String,java.lang.String)[pri:0, instance:tests.LoginPageTest@1c1bbc4e]" started-at="2025-04-24T13:38:22 CEST" name="verifyLoginFunctionality" data-provider="credentials" finished-at="2025-04-24T13:38:23 CEST" duration-ms="730" status="PASS">
          <params>
            <param index="0">
              <value>
                <![CDATA[invalidpassword]]>
              </value>
            </param>
            <param index="1">
              <value>
                <![CDATA[standard_user]]>
              </value>
            </param>
            <param index="2">
              <value>
                <![CDATA[secret_sauce124]]>
              </value>
            </param>
            <param index="3">
              <value>
                <![CDATA[Epic sadface: Username and password do not match any user in this service]]>
              </value>
            </param>
          </params>
          <reporter-output>
          </reporter-output>
        </test-method> <!-- verifyLoginFunctionality -->
        <test-method is-config="true" signature="tearDown(org.testng.ITestResult)[pri:0, instance:tests.LoginPageTest@1c1bbc4e]" started-at="2025-04-24T13:38:23 CEST" name="tearDown" finished-at="2025-04-24T13:38:24 CEST" duration-ms="443" status="PASS">
          <params>
            <param index="0">
              <value>
                <![CDATA[[TestResult name=verifyLoginFunctionality status=SUCCESS method=LoginPageTest.verifyLoginFunctionality(java.lang.String,java.lang.String,java.lang.String,java.lang.String)[pri:0, instance:tests.LoginPageTest@1c1bbc4e] output={null}]]]>
              </value>
            </param>
          </params>
          <reporter-output>
          </reporter-output>
        </test-method> <!-- tearDown -->
        <test-method is-config="true" signature="initializeBrowser()[pri:0, instance:tests.LoginPageTest@1c1bbc4e]" started-at="2025-04-24T13:38:24 CEST" name="initializeBrowser" finished-at="2025-04-24T13:38:26 CEST" duration-ms="2564" status="PASS">
          <reporter-output>
          </reporter-output>
        </test-method> <!-- initializeBrowser -->
        <test-method is-config="true" signature="setup()[pri:0, instance:tests.LoginPageTest@1c1bbc4e]" started-at="2025-04-24T13:38:26 CEST" name="setup" finished-at="2025-04-24T13:38:26 CEST" duration-ms="1" status="PASS">
          <reporter-output>
          </reporter-output>
        </test-method> <!-- setup -->
        <test-method signature="verifyLoginFunctionality(java.lang.String,java.lang.String,java.lang.String,java.lang.String)[pri:0, instance:tests.LoginPageTest@1c1bbc4e]" started-at="2025-04-24T13:38:26 CEST" name="verifyLoginFunctionality" data-provider="credentials" finished-at="2025-04-24T13:38:27 CEST" duration-ms="512" status="PASS">
          <params>
            <param index="0">
              <value>
                <![CDATA[blank]]>
              </value>
            </param>
            <param index="1">
              <value>
                <![CDATA[]]>
              </value>
            </param>
            <param index="2">
              <value>
                <![CDATA[]]>
              </value>
            </param>
            <param index="3">
              <value>
                <![CDATA[Epic sadface: Username is required]]>
              </value>
            </param>
          </params>
          <reporter-output>
          </reporter-output>
        </test-method> <!-- verifyLoginFunctionality -->
        <test-method is-config="true" signature="tearDown(org.testng.ITestResult)[pri:0, instance:tests.LoginPageTest@1c1bbc4e]" started-at="2025-04-24T13:38:27 CEST" name="tearDown" finished-at="2025-04-24T13:38:27 CEST" duration-ms="474" status="PASS">
          <params>
            <param index="0">
              <value>
                <![CDATA[[TestResult name=verifyLoginFunctionality status=SUCCESS method=LoginPageTest.verifyLoginFunctionality(java.lang.String,java.lang.String,java.lang.String,java.lang.String)[pri:0, instance:tests.LoginPageTest@1c1bbc4e] output={null}]]]>
              </value>
            </param>
          </params>
          <reporter-output>
          </reporter-output>
        </test-method> <!-- tearDown -->
        <test-method is-config="true" signature="initializeBrowser()[pri:0, instance:tests.LoginPageTest@1c1bbc4e]" started-at="2025-04-24T13:38:27 CEST" name="initializeBrowser" finished-at="2025-04-24T13:38:30 CEST" duration-ms="2786" status="PASS">
          <reporter-output>
          </reporter-output>
        </test-method> <!-- initializeBrowser -->
        <test-method is-config="true" signature="setup()[pri:0, instance:tests.LoginPageTest@1c1bbc4e]" started-at="2025-04-24T13:38:30 CEST" name="setup" finished-at="2025-04-24T13:38:30 CEST" duration-ms="11" status="PASS">
          <reporter-output>
          </reporter-output>
        </test-method> <!-- setup -->
        <test-method signature="verifyLoginFunctionality(java.lang.String,java.lang.String,java.lang.String,java.lang.String)[pri:0, instance:tests.LoginPageTest@1c1bbc4e]" started-at="2025-04-24T13:38:30 CEST" name="verifyLoginFunctionality" data-provider="credentials" finished-at="2025-04-24T13:38:30 CEST" duration-ms="267" status="PASS">
          <params>
            <param index="0">
              <value is-null="true"/>
            </param>
            <param index="1">
              <value is-null="true"/>
            </param>
            <param index="2">
              <value is-null="true"/>
            </param>
            <param index="3">
              <value is-null="true"/>
            </param>
          </params>
          <reporter-output>
          </reporter-output>
        </test-method> <!-- verifyLoginFunctionality -->
        <test-method is-config="true" signature="tearDown(org.testng.ITestResult)[pri:0, instance:tests.LoginPageTest@1c1bbc4e]" started-at="2025-04-24T13:38:30 CEST" name="tearDown" finished-at="2025-04-24T13:38:31 CEST" duration-ms="490" status="PASS">
          <params>
            <param index="0">
              <value>
                <![CDATA[[TestResult name=verifyLoginFunctionality status=SUCCESS method=LoginPageTest.verifyLoginFunctionality(java.lang.String,java.lang.String,java.lang.String,java.lang.String)[pri:0, instance:tests.LoginPageTest@1c1bbc4e] output={null}]]]>
              </value>
            </param>
          </params>
          <reporter-output>
          </reporter-output>
        </test-method> <!-- tearDown -->
        <test-method is-config="true" signature="initializeBrowser()[pri:0, instance:tests.LoginPageTest@1c1bbc4e]" started-at="2025-04-24T13:38:31 CEST" name="initializeBrowser" finished-at="2025-04-24T13:38:33 CEST" duration-ms="2769" status="PASS">
          <reporter-output>
          </reporter-output>
        </test-method> <!-- initializeBrowser -->
        <test-method is-config="true" signature="setup()[pri:0, instance:tests.LoginPageTest@1c1bbc4e]" started-at="2025-04-24T13:38:33 CEST" name="setup" finished-at="2025-04-24T13:38:33 CEST" duration-ms="2" status="PASS">
          <reporter-output>
          </reporter-output>
        </test-method> <!-- setup -->
        <test-method signature="verifyLogo()[pri:0, instance:tests.LoginPageTest@1c1bbc4e]" started-at="2025-04-24T13:38:33 CEST" name="verifyLogo" finished-at="2025-04-24T13:38:34 CEST" duration-ms="171" status="PASS">
          <reporter-output>
          </reporter-output>
        </test-method> <!-- verifyLogo -->
        <test-method is-config="true" signature="tearDown(org.testng.ITestResult)[pri:0, instance:tests.LoginPageTest@1c1bbc4e]" started-at="2025-04-24T13:38:34 CEST" name="tearDown" finished-at="2025-04-24T13:38:34 CEST" duration-ms="435" status="PASS">
          <params>
            <param index="0">
              <value>
                <![CDATA[[TestResult name=verifyLogo status=SUCCESS method=LoginPageTest.verifyLogo()[pri:0, instance:tests.LoginPageTest@1c1bbc4e] output={null}]]]>
              </value>
            </param>
          </params>
          <reporter-output>
          </reporter-output>
        </test-method> <!-- tearDown -->
        <test-method is-config="true" signature="initializeBrowser()[pri:0, instance:tests.LoginPageTest@1c1bbc4e]" started-at="2025-04-24T13:38:34 CEST" name="initializeBrowser" finished-at="2025-04-24T13:38:37 CEST" duration-ms="2571" status="PASS">
          <reporter-output>
          </reporter-output>
        </test-method> <!-- initializeBrowser -->
        <test-method is-config="true" signature="setup()[pri:0, instance:tests.LoginPageTest@1c1bbc4e]" started-at="2025-04-24T13:38:37 CEST" name="setup" finished-at="2025-04-24T13:38:37 CEST" duration-ms="2" status="PASS">
          <reporter-output>
          </reporter-output>
        </test-method> <!-- setup -->
        <test-method signature="verifyPageTitle()[pri:0, instance:tests.LoginPageTest@1c1bbc4e]" started-at="2025-04-24T13:38:37 CEST" name="verifyPageTitle" finished-at="2025-04-24T13:38:37 CEST" duration-ms="17" status="PASS">
          <reporter-output>
          </reporter-output>
        </test-method> <!-- verifyPageTitle -->
        <test-method is-config="true" signature="tearDown(org.testng.ITestResult)[pri:0, instance:tests.LoginPageTest@1c1bbc4e]" started-at="2025-04-24T13:38:37 CEST" name="tearDown" finished-at="2025-04-24T13:38:37 CEST" duration-ms="731" status="PASS">
          <params>
            <param index="0">
              <value>
                <![CDATA[[TestResult name=verifyPageTitle status=SUCCESS method=LoginPageTest.verifyPageTitle()[pri:0, instance:tests.LoginPageTest@1c1bbc4e] output={null}]]]>
              </value>
            </param>
          </params>
          <reporter-output>
          </reporter-output>
        </test-method> <!-- tearDown -->
        <test-method is-config="true" signature="initializeBrowser()[pri:0, instance:tests.LoginPageTest@1c1bbc4e]" started-at="2025-04-24T13:38:37 CEST" name="initializeBrowser" finished-at="2025-04-24T13:38:40 CEST" duration-ms="2729" status="PASS">
          <reporter-output>
          </reporter-output>
        </test-method> <!-- initializeBrowser -->
        <test-method is-config="true" signature="setup()[pri:0, instance:tests.LoginPageTest@1c1bbc4e]" started-at="2025-04-24T13:38:40 CEST" name="setup" finished-at="2025-04-24T13:38:40 CEST" duration-ms="2" status="PASS">
          <reporter-output>
          </reporter-output>
        </test-method> <!-- setup -->
        <test-method signature="verifyURL()[pri:0, instance:tests.LoginPageTest@1c1bbc4e]" started-at="2025-04-24T13:38:40 CEST" name="verifyURL" finished-at="2025-04-24T13:38:40 CEST" duration-ms="12" status="PASS">
          <reporter-output>
          </reporter-output>
        </test-method> <!-- verifyURL -->
        <test-method is-config="true" signature="tearDown(org.testng.ITestResult)[pri:0, instance:tests.LoginPageTest@1c1bbc4e]" started-at="2025-04-24T13:38:40 CEST" name="tearDown" finished-at="2025-04-24T13:38:41 CEST" duration-ms="561" status="PASS">
          <params>
            <param index="0">
              <value>
                <![CDATA[[TestResult name=verifyURL status=SUCCESS method=LoginPageTest.verifyURL()[pri:0, instance:tests.LoginPageTest@1c1bbc4e] output={null}]]]>
              </value>
            </param>
          </params>
          <reporter-output>
          </reporter-output>
        </test-method> <!-- tearDown -->
      </class> <!-- tests.LoginPageTest -->
    </test> <!-- Default test -->
  </suite> <!-- Default suite -->
</testng-results>
