<?xml version="1.0" encoding="UTF-8"?>
<testng-results ignored="0" total="9" passed="9" failed="0" skipped="0">
  <reporter-output>
  </reporter-output>
  <suite started-at="2025-06-10T23:08:25 CEST" name="Default suite" finished-at="2025-06-10T23:09:14 CEST" duration-ms="49008">
    <groups>
    </groups>
    <test started-at="2025-06-10T23:08:25 CEST" name="Default test" finished-at="2025-06-10T23:09:14 CEST" duration-ms="49008">
      <class name="tests.LoginPageTest">
        <test-method is-config="true" signature="initializeBrowser()[pri:0, instance:tests.LoginPageTest@49438269]" started-at="2025-06-10T23:08:29 CEST" name="initializeBrowser" finished-at="2025-06-10T23:08:34 CEST" duration-ms="4871" status="PASS">
          <reporter-output>
          </reporter-output>
        </test-method> <!-- initializeBrowser -->
        <test-method is-config="true" signature="setup()[pri:0, instance:tests.LoginPageTest@49438269]" started-at="2025-06-10T23:08:34 CEST" name="setup" finished-at="2025-06-10T23:08:34 CEST" duration-ms="62" status="PASS">
          <reporter-output>
          </reporter-output>
        </test-method> <!-- setup -->
        <test-method signature="verifyCheckoutInfo(java.lang.String,java.lang.String,java.lang.String,java.lang.String)[pri:0, instance:tests.LoginPageTest@49438269]" started-at="2025-06-10T23:08:34 CEST" name="verifyCheckoutInfo" data-provider="credentials" finished-at="2025-06-10T23:08:38 CEST" duration-ms="4118" status="PASS">
          <params>
            <param index="0">
              <value>
                <![CDATA[valid ]]>
              </value>
            </param>
            <param index="1">
              <value>
                <![CDATA[standard_user]]>
              </value>
            </param>
            <param index="2">
              <value>
                <![CDATA[secret_sauce]]>
              </value>
            </param>
            <param index="3">
              <value>
                <![CDATA[https://www.saucedemo.com/inventory.html]]>
              </value>
            </param>
          </params>
          <reporter-output>
          </reporter-output>
        </test-method> <!-- verifyCheckoutInfo -->
        <test-method is-config="true" signature="tearDown(org.testng.ITestResult)[pri:0, instance:tests.LoginPageTest@49438269]" started-at="2025-06-10T23:08:38 CEST" name="tearDown" finished-at="2025-06-10T23:08:39 CEST" duration-ms="581" status="PASS">
          <params>
            <param index="0">
              <value>
                <![CDATA[[TestResult name=verifyCheckoutInfo status=SUCCESS method=LoginPageTest.verifyCheckoutInfo(java.lang.String,java.lang.String,java.lang.String,java.lang.String)[pri:0, instance:tests.LoginPageTest@49438269] output={null}]]]>
              </value>
            </param>
          </params>
          <reporter-output>
          </reporter-output>
        </test-method> <!-- tearDown -->
        <test-method is-config="true" signature="initializeBrowser()[pri:0, instance:tests.LoginPageTest@49438269]" started-at="2025-06-10T23:08:39 CEST" name="initializeBrowser" finished-at="2025-06-10T23:08:42 CEST" duration-ms="2815" status="PASS">
          <reporter-output>
          </reporter-output>
        </test-method> <!-- initializeBrowser -->
        <test-method is-config="true" signature="setup()[pri:0, instance:tests.LoginPageTest@49438269]" started-at="2025-06-10T23:08:42 CEST" name="setup" finished-at="2025-06-10T23:08:42 CEST" duration-ms="3" status="PASS">
          <reporter-output>
          </reporter-output>
        </test-method> <!-- setup -->
        <test-method signature="verifyItemAddedOrderPlaced(java.lang.String,java.lang.String,java.lang.String,java.lang.String,java.lang.String,java.lang.String,java.lang.String)[pri:0, instance:tests.LoginPageTest@49438269]" started-at="2025-06-10T23:08:42 CEST" name="verifyItemAddedOrderPlaced" data-provider="credentials" finished-at="2025-06-10T23:08:47 CEST" duration-ms="4822" status="PASS">
          <params>
            <param index="0">
              <value>
                <![CDATA[valid ]]>
              </value>
            </param>
            <param index="1">
              <value>
                <![CDATA[standard_user]]>
              </value>
            </param>
            <param index="2">
              <value>
                <![CDATA[secret_sauce]]>
              </value>
            </param>
            <param index="3">
              <value>
                <![CDATA[https://www.saucedemo.com/inventory.html]]>
              </value>
            </param>
            <param index="4">
              <value>
                <![CDATA[Test1]]>
              </value>
            </param>
            <param index="5">
              <value>
                <![CDATA[Test2]]>
              </value>
            </param>
            <param index="6">
              <value>
                <![CDATA[1234TS]]>
              </value>
            </param>
          </params>
          <reporter-output>
          </reporter-output>
        </test-method> <!-- verifyItemAddedOrderPlaced -->
        <test-method is-config="true" signature="tearDown(org.testng.ITestResult)[pri:0, instance:tests.LoginPageTest@49438269]" started-at="2025-06-10T23:08:47 CEST" name="tearDown" finished-at="2025-06-10T23:08:47 CEST" duration-ms="563" status="PASS">
          <params>
            <param index="0">
              <value>
                <![CDATA[[TestResult name=verifyItemAddedOrderPlaced status=SUCCESS method=LoginPageTest.verifyItemAddedOrderPlaced(java.lang.String,java.lang.String,java.lang.String,java.lang.String,java.lang.String,java.lang.String,java.lang.String)[pri:0, instance:tests.LoginPageTest@49438269] output={null}]]]>
              </value>
            </param>
          </params>
          <reporter-output>
          </reporter-output>
        </test-method> <!-- tearDown -->
        <test-method is-config="true" signature="initializeBrowser()[pri:0, instance:tests.LoginPageTest@49438269]" started-at="2025-06-10T23:08:48 CEST" name="initializeBrowser" finished-at="2025-06-10T23:08:51 CEST" duration-ms="2699" status="PASS">
          <reporter-output>
          </reporter-output>
        </test-method> <!-- initializeBrowser -->
        <test-method is-config="true" signature="setup()[pri:0, instance:tests.LoginPageTest@49438269]" started-at="2025-06-10T23:08:51 CEST" name="setup" finished-at="2025-06-10T23:08:51 CEST" duration-ms="8" status="PASS">
          <reporter-output>
          </reporter-output>
        </test-method> <!-- setup -->
        <test-method signature="verifyLoginFunctionality(java.lang.String,java.lang.String,java.lang.String,java.lang.String)[pri:0, instance:tests.LoginPageTest@49438269]" started-at="2025-06-10T23:08:51 CEST" name="verifyLoginFunctionality" data-provider="credentials" finished-at="2025-06-10T23:08:52 CEST" duration-ms="791" status="PASS">
          <params>
            <param index="0">
              <value>
                <![CDATA[valid ]]>
              </value>
            </param>
            <param index="1">
              <value>
                <![CDATA[standard_user]]>
              </value>
            </param>
            <param index="2">
              <value>
                <![CDATA[secret_sauce]]>
              </value>
            </param>
            <param index="3">
              <value>
                <![CDATA[https://www.saucedemo.com/inventory.html]]>
              </value>
            </param>
          </params>
          <reporter-output>
          </reporter-output>
        </test-method> <!-- verifyLoginFunctionality -->
        <test-method is-config="true" signature="tearDown(org.testng.ITestResult)[pri:0, instance:tests.LoginPageTest@49438269]" started-at="2025-06-10T23:08:52 CEST" name="tearDown" finished-at="2025-06-10T23:08:53 CEST" duration-ms="798" status="PASS">
          <params>
            <param index="0">
              <value>
                <![CDATA[[TestResult name=verifyLoginFunctionality status=SUCCESS method=LoginPageTest.verifyLoginFunctionality(java.lang.String,java.lang.String,java.lang.String,java.lang.String)[pri:0, instance:tests.LoginPageTest@49438269] output={null}]]]>
              </value>
            </param>
          </params>
          <reporter-output>
          </reporter-output>
        </test-method> <!-- tearDown -->
        <test-method is-config="true" signature="initializeBrowser()[pri:0, instance:tests.LoginPageTest@49438269]" started-at="2025-06-10T23:08:53 CEST" name="initializeBrowser" finished-at="2025-06-10T23:08:55 CEST" duration-ms="2650" status="PASS">
          <reporter-output>
          </reporter-output>
        </test-method> <!-- initializeBrowser -->
        <test-method is-config="true" signature="setup()[pri:0, instance:tests.LoginPageTest@49438269]" started-at="2025-06-10T23:08:55 CEST" name="setup" finished-at="2025-06-10T23:08:55 CEST" duration-ms="2" status="PASS">
          <reporter-output>
          </reporter-output>
        </test-method> <!-- setup -->
        <test-method signature="verifyLoginFunctionality(java.lang.String,java.lang.String,java.lang.String,java.lang.String)[pri:0, instance:tests.LoginPageTest@49438269]" started-at="2025-06-10T23:08:55 CEST" name="verifyLoginFunctionality" data-provider="credentials" finished-at="2025-06-10T23:08:56 CEST" duration-ms="819" status="PASS">
          <params>
            <param index="0">
              <value>
                <![CDATA[invalid ]]>
              </value>
            </param>
            <param index="1">
              <value>
                <![CDATA[standard_user213]]>
              </value>
            </param>
            <param index="2">
              <value>
                <![CDATA[secret_sa69]]>
              </value>
            </param>
            <param index="3">
              <value>
                <![CDATA[Epic sadface: Username and password do not match any user in this service]]>
              </value>
            </param>
          </params>
          <reporter-output>
          </reporter-output>
        </test-method> <!-- verifyLoginFunctionality -->
        <test-method is-config="true" signature="tearDown(org.testng.ITestResult)[pri:0, instance:tests.LoginPageTest@49438269]" started-at="2025-06-10T23:08:56 CEST" name="tearDown" finished-at="2025-06-10T23:08:57 CEST" duration-ms="395" status="PASS">
          <params>
            <param index="0">
              <value>
                <![CDATA[[TestResult name=verifyLoginFunctionality status=SUCCESS method=LoginPageTest.verifyLoginFunctionality(java.lang.String,java.lang.String,java.lang.String,java.lang.String)[pri:0, instance:tests.LoginPageTest@49438269] output={null}]]]>
              </value>
            </param>
          </params>
          <reporter-output>
          </reporter-output>
        </test-method> <!-- tearDown -->
        <test-method is-config="true" signature="initializeBrowser()[pri:0, instance:tests.LoginPageTest@49438269]" started-at="2025-06-10T23:08:57 CEST" name="initializeBrowser" finished-at="2025-06-10T23:08:59 CEST" duration-ms="2441" status="PASS">
          <reporter-output>
          </reporter-output>
        </test-method> <!-- initializeBrowser -->
        <test-method is-config="true" signature="setup()[pri:0, instance:tests.LoginPageTest@49438269]" started-at="2025-06-10T23:08:59 CEST" name="setup" finished-at="2025-06-10T23:08:59 CEST" duration-ms="5" status="PASS">
          <reporter-output>
          </reporter-output>
        </test-method> <!-- setup -->
        <test-method signature="verifyLoginFunctionality(java.lang.String,java.lang.String,java.lang.String,java.lang.String)[pri:0, instance:tests.LoginPageTest@49438269]" started-at="2025-06-10T23:08:59 CEST" name="verifyLoginFunctionality" data-provider="credentials" finished-at="2025-06-10T23:09:00 CEST" duration-ms="928" status="PASS">
          <params>
            <param index="0">
              <value>
                <![CDATA[invalidusername]]>
              </value>
            </param>
            <param index="1">
              <value>
                <![CDATA[standard_user123]]>
              </value>
            </param>
            <param index="2">
              <value>
                <![CDATA[secret_sauce]]>
              </value>
            </param>
            <param index="3">
              <value>
                <![CDATA[Epic sadface: Username and password do not match any user in this service]]>
              </value>
            </param>
          </params>
          <reporter-output>
          </reporter-output>
        </test-method> <!-- verifyLoginFunctionality -->
        <test-method is-config="true" signature="tearDown(org.testng.ITestResult)[pri:0, instance:tests.LoginPageTest@49438269]" started-at="2025-06-10T23:09:00 CEST" name="tearDown" finished-at="2025-06-10T23:09:00 CEST" duration-ms="541" status="PASS">
          <params>
            <param index="0">
              <value>
                <![CDATA[[TestResult name=verifyLoginFunctionality status=SUCCESS method=LoginPageTest.verifyLoginFunctionality(java.lang.String,java.lang.String,java.lang.String,java.lang.String)[pri:0, instance:tests.LoginPageTest@49438269] output={null}]]]>
              </value>
            </param>
          </params>
          <reporter-output>
          </reporter-output>
        </test-method> <!-- tearDown -->
        <test-method is-config="true" signature="initializeBrowser()[pri:0, instance:tests.LoginPageTest@49438269]" started-at="2025-06-10T23:09:00 CEST" name="initializeBrowser" finished-at="2025-06-10T23:09:03 CEST" duration-ms="2473" status="PASS">
          <reporter-output>
          </reporter-output>
        </test-method> <!-- initializeBrowser -->
        <test-method is-config="true" signature="setup()[pri:0, instance:tests.LoginPageTest@49438269]" started-at="2025-06-10T23:09:03 CEST" name="setup" finished-at="2025-06-10T23:09:03 CEST" duration-ms="9" status="PASS">
          <reporter-output>
          </reporter-output>
        </test-method> <!-- setup -->
        <test-method signature="verifyLoginFunctionality(java.lang.String,java.lang.String,java.lang.String,java.lang.String)[pri:0, instance:tests.LoginPageTest@49438269]" started-at="2025-06-10T23:09:03 CEST" name="verifyLoginFunctionality" data-provider="credentials" finished-at="2025-06-10T23:09:04 CEST" duration-ms="785" status="PASS">
          <params>
            <param index="0">
              <value>
                <![CDATA[invalidpassword]]>
              </value>
            </param>
            <param index="1">
              <value>
                <![CDATA[standard_user]]>
              </value>
            </param>
            <param index="2">
              <value>
                <![CDATA[secret_sauce124]]>
              </value>
            </param>
            <param index="3">
              <value>
                <![CDATA[Epic sadface: Username and password do not match any user in this service]]>
              </value>
            </param>
          </params>
          <reporter-output>
          </reporter-output>
        </test-method> <!-- verifyLoginFunctionality -->
        <test-method is-config="true" signature="tearDown(org.testng.ITestResult)[pri:0, instance:tests.LoginPageTest@49438269]" started-at="2025-06-10T23:09:04 CEST" name="tearDown" finished-at="2025-06-10T23:09:04 CEST" duration-ms="438" status="PASS">
          <params>
            <param index="0">
              <value>
                <![CDATA[[TestResult name=verifyLoginFunctionality status=SUCCESS method=LoginPageTest.verifyLoginFunctionality(java.lang.String,java.lang.String,java.lang.String,java.lang.String)[pri:0, instance:tests.LoginPageTest@49438269] output={null}]]]>
              </value>
            </param>
          </params>
          <reporter-output>
          </reporter-output>
        </test-method> <!-- tearDown -->
        <test-method is-config="true" signature="initializeBrowser()[pri:0, instance:tests.LoginPageTest@49438269]" started-at="2025-06-10T23:09:04 CEST" name="initializeBrowser" finished-at="2025-06-10T23:09:07 CEST" duration-ms="2457" status="PASS">
          <reporter-output>
          </reporter-output>
        </test-method> <!-- initializeBrowser -->
        <test-method is-config="true" signature="setup()[pri:0, instance:tests.LoginPageTest@49438269]" started-at="2025-06-10T23:09:07 CEST" name="setup" finished-at="2025-06-10T23:09:07 CEST" duration-ms="7" status="PASS">
          <reporter-output>
          </reporter-output>
        </test-method> <!-- setup -->
        <test-method signature="verifyLoginFunctionality(java.lang.String,java.lang.String,java.lang.String,java.lang.String)[pri:0, instance:tests.LoginPageTest@49438269]" started-at="2025-06-10T23:09:07 CEST" name="verifyLoginFunctionality" data-provider="credentials" finished-at="2025-06-10T23:09:07 CEST" duration-ms="545" status="PASS">
          <params>
            <param index="0">
              <value>
                <![CDATA[blank]]>
              </value>
            </param>
            <param index="1">
              <value>
                <![CDATA[]]>
              </value>
            </param>
            <param index="2">
              <value>
                <![CDATA[]]>
              </value>
            </param>
            <param index="3">
              <value>
                <![CDATA[Epic sadface: Username is required]]>
              </value>
            </param>
          </params>
          <reporter-output>
          </reporter-output>
        </test-method> <!-- verifyLoginFunctionality -->
        <test-method is-config="true" signature="tearDown(org.testng.ITestResult)[pri:0, instance:tests.LoginPageTest@49438269]" started-at="2025-06-10T23:09:07 CEST" name="tearDown" finished-at="2025-06-10T23:09:08 CEST" duration-ms="542" status="PASS">
          <params>
            <param index="0">
              <value>
                <![CDATA[[TestResult name=verifyLoginFunctionality status=SUCCESS method=LoginPageTest.verifyLoginFunctionality(java.lang.String,java.lang.String,java.lang.String,java.lang.String)[pri:0, instance:tests.LoginPageTest@49438269] output={null}]]]>
              </value>
            </param>
          </params>
          <reporter-output>
          </reporter-output>
        </test-method> <!-- tearDown -->
        <test-method is-config="true" signature="initializeBrowser()[pri:0, instance:tests.LoginPageTest@49438269]" started-at="2025-06-10T23:09:08 CEST" name="initializeBrowser" finished-at="2025-06-10T23:09:10 CEST" duration-ms="2623" status="PASS">
          <reporter-output>
          </reporter-output>
        </test-method> <!-- initializeBrowser -->
        <test-method is-config="true" signature="setup()[pri:0, instance:tests.LoginPageTest@49438269]" started-at="2025-06-10T23:09:10 CEST" name="setup" finished-at="2025-06-10T23:09:10 CEST" duration-ms="7" status="PASS">
          <reporter-output>
          </reporter-output>
        </test-method> <!-- setup -->
        <test-method signature="verifyLoginFunctionality(java.lang.String,java.lang.String,java.lang.String,java.lang.String)[pri:0, instance:tests.LoginPageTest@49438269]" started-at="2025-06-10T23:09:10 CEST" name="verifyLoginFunctionality" data-provider="credentials" finished-at="2025-06-10T23:09:11 CEST" duration-ms="309" status="PASS">
          <params>
            <param index="0">
              <value is-null="true"/>
            </param>
            <param index="1">
              <value is-null="true"/>
            </param>
            <param index="2">
              <value is-null="true"/>
            </param>
            <param index="3">
              <value is-null="true"/>
            </param>
          </params>
          <reporter-output>
          </reporter-output>
        </test-method> <!-- verifyLoginFunctionality -->
        <test-method is-config="true" signature="tearDown(org.testng.ITestResult)[pri:0, instance:tests.LoginPageTest@49438269]" started-at="2025-06-10T23:09:11 CEST" name="tearDown" finished-at="2025-06-10T23:09:11 CEST" duration-ms="566" status="PASS">
          <params>
            <param index="0">
              <value>
                <![CDATA[[TestResult name=verifyLoginFunctionality status=SUCCESS method=LoginPageTest.verifyLoginFunctionality(java.lang.String,java.lang.String,java.lang.String,java.lang.String)[pri:0, instance:tests.LoginPageTest@49438269] output={null}]]]>
              </value>
            </param>
          </params>
          <reporter-output>
          </reporter-output>
        </test-method> <!-- tearDown -->
        <test-method is-config="true" signature="initializeBrowser()[pri:0, instance:tests.LoginPageTest@49438269]" started-at="2025-06-10T23:09:11 CEST" name="initializeBrowser" finished-at="2025-06-10T23:09:14 CEST" duration-ms="2315" status="PASS">
          <reporter-output>
          </reporter-output>
        </test-method> <!-- initializeBrowser -->
        <test-method is-config="true" signature="setup()[pri:0, instance:tests.LoginPageTest@49438269]" started-at="2025-06-10T23:09:14 CEST" name="setup" finished-at="2025-06-10T23:09:14 CEST" duration-ms="14" status="PASS">
          <reporter-output>
          </reporter-output>
        </test-method> <!-- setup -->
        <test-method signature="verifyURL()[pri:0, instance:tests.LoginPageTest@49438269]" started-at="2025-06-10T23:09:14 CEST" name="verifyURL" finished-at="2025-06-10T23:09:14 CEST" duration-ms="109" status="PASS">
          <reporter-output>
          </reporter-output>
        </test-method> <!-- verifyURL -->
        <test-method is-config="true" signature="tearDown(org.testng.ITestResult)[pri:0, instance:tests.LoginPageTest@49438269]" started-at="2025-06-10T23:09:14 CEST" name="tearDown" finished-at="2025-06-10T23:09:14 CEST" duration-ms="504" status="PASS">
          <params>
            <param index="0">
              <value>
                <![CDATA[[TestResult name=verifyURL status=SUCCESS method=LoginPageTest.verifyURL()[pri:0, instance:tests.LoginPageTest@49438269] output={null}]]]>
              </value>
            </param>
          </params>
          <reporter-output>
          </reporter-output>
        </test-method> <!-- tearDown -->
      </class> <!-- tests.LoginPageTest -->
    </test> <!-- Default test -->
  </suite> <!-- Default suite -->
</testng-results>
